<?xml version="1.0" encoding="UTF-8"?>
<!-- Generated by org.testng.reporters.JUnitReportReporter -->
<testsuite hostname="Mez_Laptop" failures="0" tests="3" name="com.demo.nopcommerce.RegisterAndLoginWithValidCredentials" time="7.591" errors="0" timestamp="2024-07-10T00:18:15 EDT" skipped="0">
  <testcase classname="com.demo.nopcommerce.RegisterAndLoginWithValidCredentials" name="registerNewAccount" time="2.748"/>
  <testcase classname="com.demo.nopcommerce.RegisterAndLoginWithValidCredentials" name="loginWithValidCredentials" time="2.374"/>
  <testcase classname="com.demo.nopcommerce.RegisterAndLoginWithValidCredentials" name="loginWithInvalidCredentials" time="2.469"/>
</testsuite> <!-- com.demo.nopcommerce.RegisterAndLoginWithValidCredentials -->
