<?xml version="1.0" encoding="UTF-8"?>
<!-- Generated by org.testng.reporters.JUnitReportReporter -->
<testsuite hostname="Mez_Laptop" failures="0" tests="1" name="com.demo.nopcommerce.NavigateAndVerifyPageTitle" time="1.968" errors="0" timestamp="2024-07-10T00:18:53 EDT" skipped="0">
  <testcase classname="com.demo.nopcommerce.NavigateAndVerifyPageTitle" name="navigateAndFerifyPgeTitle" time="1.968"/>
</testsuite> <!-- com.demo.nopcommerce.NavigateAndVerifyPageTitle -->
