<?xml version="1.0" encoding="UTF-8"?>
<!-- Generated by org.testng.reporters.JUnitReportReporter -->
<testsuite hostname="Mez_Laptop" failures="0" tests="1" name="com.demo.nopcommerce.Navigate_ClickOnLink_VerifyPresenceOfElement" time="12.210" errors="0" timestamp="2024-07-10T00:18:40 EDT" skipped="0">
  <testcase classname="com.demo.nopcommerce.Navigate_ClickOnLink_VerifyPresenceOfElement" name="navigateToWebpage" time="12.210"/>
</testsuite> <!-- com.demo.nopcommerce.Navigate_ClickOnLink_VerifyPresenceOfElement -->
